Flow report for proj
Tue Dec  8 14:21:16 2015
Quartus II 64-Bit Version 12.1 Build 243 01/31/2013 Service Pack 1 SJ Full Version


---------------------
; Table of Contents ;
---------------------
  1. Legal Notice
  2. Flow Summary
  3. Flow Settings
  4. Flow Non-Default Global Settings
  5. Flow Elapsed Time
  6. Flow OS Summary
  7. Flow Log



----------------
; Legal Notice ;
----------------
Copyright (C) 1991-2012 Altera Corporation
Your use of Altera Corporation's design tools, logic functions 
and other software and tools, and its AMPP partner logic 
functions, and any output files from any of the foregoing 
(including device programming or simulation files), and any 
associated documentation or information are expressly subject 
to the terms and conditions of the Altera Program License 
Subscription Agreement, Altera MegaCore Function License 
Agreement, or other applicable license agreement, including, 
without limitation, that your use is for the sole purpose of 
programming logic devices manufactured by Altera and sold by 
Altera or its authorized distributors.  Please refer to the 
applicable agreement for further details.



+-------------------------------------------------------------------------------------+
; Flow Summary                                                                        ;
+------------------------------------+------------------------------------------------+
; Flow Status                        ; Successful - Tue Dec  8 14:21:16 2015          ;
; Quartus II 64-Bit Version          ; 12.1 Build 243 01/31/2013 SP 1 SJ Full Version ;
; Revision Name                      ; proj                                           ;
; Top-level Entity Name              ; proj                                           ;
; Family                             ; Cyclone II                                     ;
; Device                             ; EP2C35F672C6                                   ;
; Timing Models                      ; Final                                          ;
; Total logic elements               ; 273 / 33,216 ( < 1 % )                         ;
;     Total combinational functions  ; 265 / 33,216 ( < 1 % )                         ;
;     Dedicated logic registers      ; 123 / 33,216 ( < 1 % )                         ;
; Total registers                    ; 136                                            ;
; Total pins                         ; 72 / 475 ( 15 % )                              ;
; Total virtual pins                 ; 0                                              ;
; Total memory bits                  ; 0 / 483,840 ( 0 % )                            ;
; Embedded Multiplier 9-bit elements ; 0 / 70 ( 0 % )                                 ;
; Total PLLs                         ; 0 / 4 ( 0 % )                                  ;
+------------------------------------+------------------------------------------------+


+-----------------------------------------+
; Flow Settings                           ;
+-------------------+---------------------+
; Option            ; Setting             ;
+-------------------+---------------------+
; Start date & time ; 12/08/2015 14:19:50 ;
; Main task         ; Compilation         ;
; Revision Name     ; proj                ;
+-------------------+---------------------+


+-------------------------------------------------------------------------------------------------------------+
; Flow Non-Default Global Settings                                                                            ;
+-------------------------------------+------------------------+---------------+-------------+----------------+
; Assignment Name                     ; Value                  ; Default Value ; Entity Name ; Section Id     ;
+-------------------------------------+------------------------+---------------+-------------+----------------+
; COMPILER_SIGNATURE_ID               ; 0.144960598717244      ; --            ; --          ; --             ;
; EDA_OUTPUT_DATA_FORMAT              ; Vhdl                   ; --            ; --          ; eda_simulation ;
; EDA_SIMULATION_TOOL                 ; ModelSim-Altera (VHDL) ; <None>        ; --          ; --             ;
; MAX_CORE_JUNCTION_TEMP              ; 85                     ; --            ; --          ; --             ;
; MIN_CORE_JUNCTION_TEMP              ; 0                      ; --            ; --          ; --             ;
; PARTITION_COLOR                     ; 2147039                ; --            ; --          ; Top            ;
; PARTITION_FITTER_PRESERVATION_LEVEL ; PLACEMENT_AND_ROUTING  ; --            ; --          ; Top            ;
; PARTITION_NETLIST_TYPE              ; SOURCE                 ; --            ; --          ; Top            ;
; PROJECT_OUTPUT_DIRECTORY            ; output_files           ; --            ; --          ; --             ;
+-------------------------------------+------------------------+---------------+-------------+----------------+


+-------------------------------------------------------------------------------------------------------------------------------+
; Flow Elapsed Time                                                                                                             ;
+---------------------------+--------------+-------------------------+---------------------+------------------------------------+
; Module Name               ; Elapsed Time ; Average Processors Used ; Peak Virtual Memory ; Total CPU Time (on all processors) ;
+---------------------------+--------------+-------------------------+---------------------+------------------------------------+
; Analysis & Synthesis      ; 00:00:10     ; 1.0                     ; 625 MB              ; 00:00:02                           ;
; Fitter                    ; 00:00:10     ; 1.0                     ; 838 MB              ; 00:00:10                           ;
; Assembler                 ; 00:00:03     ; 1.0                     ; 623 MB              ; 00:00:02                           ;
; TimeQuest Timing Analyzer ; 00:00:44     ; 1.0                     ; 605 MB              ; 00:00:08                           ;
; EDA Netlist Writer        ; 00:00:02     ; 1.0                     ; 765 MB              ; 00:00:00                           ;
; Total                     ; 00:01:09     ; --                      ; --                  ; 00:00:22                           ;
+---------------------------+--------------+-------------------------+---------------------+------------------------------------+


+-----------------------------------------------------------------------------------------------+
; Flow OS Summary                                                                               ;
+---------------------------+---------------------------+---------+------------+----------------+
; Module Name               ; Machine Hostname          ; OS Name ; OS Version ; Processor type ;
+---------------------------+---------------------------+---------+------------+----------------+
; Analysis & Synthesis      ; co2050-04.ece.iastate.edu ; Red Hat ; 6          ; x86_64         ;
; Fitter                    ; co2050-04.ece.iastate.edu ; Red Hat ; 6          ; x86_64         ;
; Assembler                 ; co2050-04.ece.iastate.edu ; Red Hat ; 6          ; x86_64         ;
; TimeQuest Timing Analyzer ; co2050-04.ece.iastate.edu ; Red Hat ; 6          ; x86_64         ;
; EDA Netlist Writer        ; co2050-04.ece.iastate.edu ; Red Hat ; 6          ; x86_64         ;
+---------------------------+---------------------------+---------+------------+----------------+


------------
; Flow Log ;
------------
quartus_map --read_settings_files=on --write_settings_files=off proj -c proj
quartus_fit --read_settings_files=off --write_settings_files=off proj -c proj
quartus_asm --read_settings_files=off --write_settings_files=off proj -c proj
quartus_sta proj -c proj
quartus_eda --read_settings_files=off --write_settings_files=off proj -c proj



